Waf: Entering directory `/home/dhruvie/ns3/ns-allinone-3.19/ns-3.19/build'
[1021/1695] cxx: build/src/internet/bindings/ns3module.cc -> build/src/internet/bindings/ns3module.cc.7.o
[1614/1695] cxxshlib: build/src/virtual-net-device/model/virtual-net-device.cc.1.o -> build/libns3.19-virtual-net-device-debug.so
[1615/1695] cxxshlib: build/src/sixlowpan/model/sixlowpan-net-device.cc.1.o build/src/sixlowpan/model/sixlowpan-header.cc.1.o build/src/sixlowpan/helper/sixlowpan-helper.cc.1.o -> build/libns3.19-sixlowpan-debug.so
[1616/1695] cxxshlib: build/src/nix-vector-routing/model/ipv4-nix-vector-routing.cc.1.o build/src/nix-vector-routing/helper/ipv4-nix-vector-helper.cc.1.o -> build/libns3.19-nix-vector-routing-debug.so
[1618/1695] cxxshlib: build/src/flow-monitor/model/flow-monitor.cc.1.o build/src/flow-monitor/model/flow-classifier.cc.1.o build/src/flow-monitor/model/flow-probe.cc.1.o build/src/flow-monitor/model/ipv4-flow-classifier.cc.1.o build/src/flow-monitor/model/ipv4-flow-probe.cc.1.o build/src/flow-monitor/model/histogram.cc.1.o build/src/flow-monitor/helper/flow-monitor-helper.cc.1.o -> build/libns3.19-flow-monitor-debug.so
[1618/1695] cxxshlib: build/src/applications/model/bulk-send-application.cc.1.o build/src/applications/model/onoff-application.cc.1.o build/src/applications/model/packet-sink.cc.1.o build/src/applications/model/ping6.cc.1.o build/src/applications/model/radvd.cc.1.o build/src/applications/model/radvd-interface.cc.1.o build/src/applications/model/radvd-prefix.cc.1.o build/src/applications/model/udp-client.cc.1.o build/src/applications/model/udp-server.cc.1.o build/src/applications/model/seq-ts-header.cc.1.o build/src/applications/model/udp-trace-client.cc.1.o build/src/applications/model/packet-loss-counter.cc.1.o build/src/applications/model/udp-echo-client.cc.1.o build/src/applications/model/udp-echo-server.cc.1.o build/src/applications/model/v4ping.cc.1.o build/src/applications/model/application-packet-probe.cc.1.o build/src/applications/helper/bulk-send-helper.cc.1.o build/src/applications/helper/on-off-helper.cc.1.o build/src/applications/helper/packet-sink-helper.cc.1.o build/src/applications/helper/ping6-helper.cc.1.o build/src/applications/helper/udp-client-server-helper.cc.1.o build/src/applications/helper/udp-echo-helper.cc.1.o build/src/applications/helper/v4ping-helper.cc.1.o build/src/applications/helper/radvd-helper.cc.1.o -> build/libns3.19-applications-debug.so
[1621/1695] cxxshlib: build/src/tap-bridge/model/tap-bridge.cc.1.o build/src/tap-bridge/model/tap-encode-decode.cc.1.o build/src/tap-bridge/helper/tap-bridge-helper.cc.1.o -> build/libns3.19-tap-bridge-debug.so
[1622/1695] cxxshlib: build/src/visualizer/model/dummy-file-for-static-builds.cc.1.o build/src/visualizer/model/pyviz.cc.1.o build/src/visualizer/model/visual-simulator-impl.cc.1.o -> build/libns3.19-visualizer-debug.so
[1623/1695] cxxshlib: build/src/energy/model/wifi-radio-energy-model.cc.1.o build/src/energy/model/energy-source.cc.1.o build/src/energy/model/basic-energy-source.cc.1.o build/src/energy/model/li-ion-energy-source.cc.1.o build/src/energy/model/rv-battery-model.cc.1.o build/src/energy/model/device-energy-model.cc.1.o build/src/energy/model/device-energy-model-container.cc.1.o build/src/energy/model/simple-device-energy-model.cc.1.o build/src/energy/helper/energy-source-container.cc.1.o build/src/energy/helper/energy-model-helper.cc.1.o build/src/energy/helper/basic-energy-source-helper.cc.1.o build/src/energy/helper/wifi-radio-energy-model-helper.cc.1.o build/src/energy/helper/rv-battery-model-helper.cc.1.o -> build/libns3.19-energy-debug.so
[1624/1695] cxxshlib: build/src/uan/model/uan-channel.cc.1.o build/src/uan/model/uan-phy-gen.cc.1.o build/src/uan/model/uan-mac.cc.1.o build/src/uan/model/uan-transducer.cc.1.o build/src/uan/model/uan-transducer-hd.cc.1.o build/src/uan/model/uan-address.cc.1.o build/src/uan/model/uan-net-device.cc.1.o build/src/uan/model/uan-tx-mode.cc.1.o build/src/uan/model/uan-prop-model.cc.1.o build/src/uan/model/uan-prop-model-ideal.cc.1.o build/src/uan/model/uan-mac-aloha.cc.1.o build/src/uan/model/uan-header-common.cc.1.o build/src/uan/model/uan-noise-model-default.cc.1.o build/src/uan/model/uan-mac-cw.cc.1.o build/src/uan/model/uan-prop-model-thorp.cc.1.o build/src/uan/model/uan-phy-dual.cc.1.o build/src/uan/model/uan-header-rc.cc.1.o build/src/uan/model/uan-mac-rc.cc.1.o build/src/uan/model/uan-mac-rc-gw.cc.1.o build/src/uan/model/uan-phy.cc.1.o build/src/uan/model/uan-noise-model.cc.1.o build/src/uan/model/acoustic-modem-energy-model.cc.1.o build/src/uan/helper/uan-helper.cc.1.o build/src/uan/helper/acoustic-modem-energy-model-helper.cc.1.o -> build/libns3.19-uan-debug.so
[1625/1695] cxxshlib: build/src/csma/model/backoff.cc.1.o build/src/csma/model/csma-net-device.cc.1.o build/src/csma/model/csma-channel.cc.1.o build/src/csma/helper/csma-helper.cc.1.o -> build/libns3.19-csma-debug.so
[1627/1695] cxxshlib: build/src/spectrum/model/spectrum-model.cc.1.o build/src/spectrum/model/spectrum-value.cc.1.o build/src/spectrum/model/spectrum-converter.cc.1.o build/src/spectrum/model/spectrum-signal-parameters.cc.1.o build/src/spectrum/model/spectrum-propagation-loss-model.cc.1.o build/src/spectrum/model/friis-spectrum-propagation-loss.cc.1.o build/src/spectrum/model/constant-spectrum-propagation-loss.cc.1.o build/src/spectrum/model/spectrum-phy.cc.1.o build/src/spectrum/model/spectrum-channel.cc.1.o build/src/spectrum/model/single-model-spectrum-channel.cc.1.o build/src/spectrum/model/multi-model-spectrum-channel.cc.1.o build/src/spectrum/model/spectrum-interference.cc.1.o build/src/spectrum/model/spectrum-error-model.cc.1.o build/src/spectrum/model/spectrum-model-ism2400MHz-res1MHz.cc.1.o build/src/spectrum/model/spectrum-model-300kHz-300GHz-log.cc.1.o build/src/spectrum/model/wifi-spectrum-value-helper.cc.1.o build/src/spectrum/model/waveform-generator.cc.1.o build/src/spectrum/model/spectrum-analyzer.cc.1.o build/src/spectrum/model/aloha-noack-mac-header.cc.1.o build/src/spectrum/model/aloha-noack-net-device.cc.1.o build/src/spectrum/model/half-duplex-ideal-phy.cc.1.o build/src/spectrum/model/half-duplex-ideal-phy-signal-parameters.cc.1.o build/src/spectrum/model/non-communicating-net-device.cc.1.o build/src/spectrum/model/microwave-oven-spectrum-value-helper.cc.1.o build/src/spectrum/helper/spectrum-helper.cc.1.o build/src/spectrum/helper/adhoc-aloha-noack-ideal-phy-helper.cc.1.o build/src/spectrum/helper/waveform-generator-helper.cc.1.o build/src/spectrum/helper/spectrum-analyzer-helper.cc.1.o -> build/libns3.19-spectrum-debug.so
[1627/1695] cxxshlib: build/src/wimax/model/cid.cc.1.o build/src/wimax/model/cid-factory.cc.1.o build/src/wimax/model/wimax-net-device.cc.1.o build/src/wimax/model/bs-net-device.cc.1.o build/src/wimax/model/ss-net-device.cc.1.o build/src/wimax/model/wimax-mac-header.cc.1.o build/src/wimax/model/wimax-phy.cc.1.o build/src/wimax/model/wimax-channel.cc.1.o build/src/wimax/model/ofdm-downlink-frame-prefix.cc.1.o build/src/wimax/model/wimax-connection.cc.1.o build/src/wimax/model/ss-record.cc.1.o build/src/wimax/model/mac-messages.cc.1.o build/src/wimax/model/dl-mac-messages.cc.1.o build/src/wimax/model/ul-mac-messages.cc.1.o build/src/wimax/model/simple-ofdm-wimax-phy.cc.1.o build/src/wimax/model/simple-ofdm-wimax-channel.cc.1.o build/src/wimax/model/send-params.cc.1.o build/src/wimax/model/ss-manager.cc.1.o build/src/wimax/model/connection-manager.cc.1.o build/src/wimax/model/bs-uplink-scheduler.cc.1.o build/src/wimax/model/bs-uplink-scheduler-simple.cc.1.o build/src/wimax/model/bs-uplink-scheduler-mbqos.cc.1.o build/src/wimax/model/bs-uplink-scheduler-rtps.cc.1.o build/src/wimax/model/bs-scheduler.cc.1.o build/src/wimax/model/bs-scheduler-simple.cc.1.o build/src/wimax/model/bs-scheduler-rtps.cc.1.o build/src/wimax/model/wimax-mac-queue.cc.1.o build/src/wimax/model/burst-profile-manager.cc.1.o build/src/wimax/model/ss-scheduler.cc.1.o build/src/wimax/model/service-flow.cc.1.o build/src/wimax/model/service-flow-manager.cc.1.o build/src/wimax/model/service-flow-record.cc.1.o build/src/wimax/model/ss-link-manager.cc.1.o build/src/wimax/model/bs-link-manager.cc.1.o build/src/wimax/model/bandwidth-manager.cc.1.o build/src/wimax/model/crc8.cc.1.o build/src/wimax/model/ul-job.cc.1.o build/src/wimax/model/snr-to-block-error-rate-record.cc.1.o build/src/wimax/model/snr-to-block-error-rate-manager.cc.1.o build/src/wimax/model/simple-ofdm-send-param.cc.1.o build/src/wimax/model/ss-service-flow-manager.cc.1.o build/src/wimax/model/bs-service-flow-manager.cc.1.o build/src/wimax/model/ipcs-classifier.cc.1.o build/src/wimax/model/ipcs-classifier-record.cc.1.o build/src/wimax/model/wimax-tlv.cc.1.o build/src/wimax/model/cs-parameters.cc.1.o build/src/wimax/model/wimax-mac-to-mac-header.cc.1.o build/src/wimax/helper/wimax-helper.cc.1.o -> build/libns3.19-wimax-debug.so
[1628/1695] cxxshlib: build/src/mesh/model/mesh-information-element-vector.cc.1.o build/src/mesh/model/mesh-point-device.cc.1.o build/src/mesh/model/mesh-l2-routing-protocol.cc.1.o build/src/mesh/model/mesh-wifi-beacon.cc.1.o build/src/mesh/model/mesh-wifi-interface-mac.cc.1.o build/src/mesh/model/dot11s/ie-dot11s-beacon-timing.cc.1.o build/src/mesh/model/dot11s/ie-dot11s-configuration.cc.1.o build/src/mesh/model/dot11s/ie-dot11s-id.cc.1.o build/src/mesh/model/dot11s/ie-dot11s-peer-management.cc.1.o build/src/mesh/model/dot11s/ie-dot11s-preq.cc.1.o build/src/mesh/model/dot11s/ie-dot11s-prep.cc.1.o build/src/mesh/model/dot11s/ie-dot11s-perr.cc.1.o build/src/mesh/model/dot11s/ie-dot11s-rann.cc.1.o build/src/mesh/model/dot11s/ie-dot11s-peering-protocol.cc.1.o build/src/mesh/model/dot11s/ie-dot11s-metric-report.cc.1.o build/src/mesh/model/dot11s/dot11s-mac-header.cc.1.o build/src/mesh/model/dot11s/peer-link-frame.cc.1.o build/src/mesh/model/dot11s/peer-link.cc.1.o build/src/mesh/model/dot11s/peer-management-protocol-mac.cc.1.o build/src/mesh/model/dot11s/peer-management-protocol.cc.1.o build/src/mesh/model/dot11s/hwmp-tag.cc.1.o build/src/mesh/model/dot11s/hwmp-rtable.cc.1.o build/src/mesh/model/dot11s/hwmp-protocol-mac.cc.1.o build/src/mesh/model/dot11s/hwmp-protocol.cc.1.o build/src/mesh/model/dot11s/airtime-metric.cc.1.o build/src/mesh/model/flame/flame-header.cc.1.o build/src/mesh/model/flame/flame-rtable.cc.1.o build/src/mesh/model/flame/flame-protocol-mac.cc.1.o build/src/mesh/model/flame/flame-protocol.cc.1.o build/src/mesh/helper/mesh-helper.cc.1.o build/src/mesh/helper/dot11s/dot11s-installer.cc.1.o build/src/mesh/helper/flame/flame-installer.cc.1.o -> build/libns3.19-mesh-debug.so
[1629/1695] cxxshlib: build/src/wave/model/wave-mac-low.cc.1.o build/src/wave/model/ocb-wifi-mac.cc.1.o build/src/wave/model/vendor-specific-action.cc.1.o build/src/wave/model/higher-tx-tag.cc.1.o build/src/wave/helper/wave-mac-helper.cc.1.o build/src/wave/helper/wifi-80211p-helper.cc.1.o -> build/libns3.19-wave-debug.so
[1630/1695] cxxshlib: build/src/olsr/model/olsr-header.cc.1.o build/src/olsr/model/olsr-state.cc.1.o build/src/olsr/model/olsr-routing-protocol.cc.1.o build/src/olsr/helper/olsr-helper.cc.1.o -> build/libns3.19-olsr-debug.so
[1631/1695] cxxshlib: build/src/lte/model/lte-common.cc.1.o build/src/lte/model/lte-spectrum-phy.cc.1.o build/src/lte/model/lte-spectrum-signal-parameters.cc.1.o build/src/lte/model/lte-phy.cc.1.o build/src/lte/model/lte-enb-phy.cc.1.o build/src/lte/model/lte-ue-phy.cc.1.o build/src/lte/model/lte-spectrum-value-helper.cc.1.o build/src/lte/model/lte-amc.cc.1.o build/src/lte/model/lte-enb-rrc.cc.1.o build/src/lte/model/lte-ue-rrc.cc.1.o build/src/lte/model/lte-rrc-sap.cc.1.o build/src/lte/model/lte-rrc-protocol-ideal.cc.1.o build/src/lte/model/lte-rrc-protocol-real.cc.1.o build/src/lte/model/lte-rlc-sap.cc.1.o build/src/lte/model/lte-rlc.cc.1.o build/src/lte/model/lte-rlc-sequence-number.cc.1.o build/src/lte/model/lte-rlc-header.cc.1.o build/src/lte/model/lte-rlc-am-header.cc.1.o build/src/lte/model/lte-rlc-tm.cc.1.o build/src/lte/model/lte-rlc-um.cc.1.o build/src/lte/model/lte-rlc-am.cc.1.o build/src/lte/model/lte-rlc-tag.cc.1.o build/src/lte/model/lte-rlc-sdu-status-tag.cc.1.o build/src/lte/model/lte-pdcp-sap.cc.1.o build/src/lte/model/lte-pdcp.cc.1.o build/src/lte/model/lte-pdcp-header.cc.1.o build/src/lte/model/lte-pdcp-tag.cc.1.o build/src/lte/model/eps-bearer.cc.1.o build/src/lte/model/lte-radio-bearer-info.cc.1.o build/src/lte/model/lte-net-device.cc.1.o build/src/lte/model/lte-enb-net-device.cc.1.o build/src/lte/model/lte-ue-net-device.cc.1.o build/src/lte/model/lte-control-messages.cc.1.o build/src/lte/helper/lte-helper.cc.1.o build/src/lte/helper/lte-stats-calculator.cc.1.o build/src/lte/helper/epc-helper.cc.1.o build/src/lte/helper/point-to-point-epc-helper.cc.1.o build/src/lte/helper/radio-bearer-stats-calculator.cc.1.o build/src/lte/helper/radio-bearer-stats-connector.cc.1.o build/src/lte/helper/phy-stats-calculator.cc.1.o build/src/lte/helper/mac-stats-calculator.cc.1.o build/src/lte/helper/phy-tx-stats-calculator.cc.1.o build/src/lte/helper/phy-rx-stats-calculator.cc.1.o build/src/lte/helper/radio-environment-map-helper.cc.1.o build/src/lte/helper/lte-hex-grid-enb-topology-helper.cc.1.o build/src/lte/helper/lte-global-pathloss-database.cc.1.o build/src/lte/model/rem-spectrum-phy.cc.1.o build/src/lte/model/ff-mac-common.cc.1.o build/src/lte/model/ff-mac-csched-sap.cc.1.o build/src/lte/model/ff-mac-sched-sap.cc.1.o build/src/lte/model/lte-mac-sap.cc.1.o build/src/lte/model/ff-mac-scheduler.cc.1.o build/src/lte/model/lte-enb-cmac-sap.cc.1.o build/src/lte/model/lte-ue-cmac-sap.cc.1.o build/src/lte/model/rr-ff-mac-scheduler.cc.1.o build/src/lte/model/lte-enb-mac.cc.1.o build/src/lte/model/lte-ue-mac.cc.1.o build/src/lte/model/lte-radio-bearer-tag.cc.1.o build/src/lte/model/eps-bearer-tag.cc.1.o build/src/lte/model/lte-phy-tag.cc.1.o build/src/lte/model/lte-enb-phy-sap.cc.1.o build/src/lte/model/lte-enb-cphy-sap.cc.1.o build/src/lte/model/lte-ue-phy-sap.cc.1.o build/src/lte/model/lte-ue-cphy-sap.cc.1.o build/src/lte/model/lte-interference.cc.1.o build/src/lte/model/lte-sinr-chunk-processor.cc.1.o build/src/lte/model/pf-ff-mac-scheduler.cc.1.o build/src/lte/model/fdmt-ff-mac-scheduler.cc.1.o build/src/lte/model/tdmt-ff-mac-scheduler.cc.1.o build/src/lte/model/tta-ff-mac-scheduler.cc.1.o build/src/lte/model/fdbet-ff-mac-scheduler.cc.1.o build/src/lte/model/tdbet-ff-mac-scheduler.cc.1.o build/src/lte/model/fdtbfq-ff-mac-scheduler.cc.1.o build/src/lte/model/tdtbfq-ff-mac-scheduler.cc.1.o build/src/lte/model/pss-ff-mac-scheduler.cc.1.o build/src/lte/model/epc-gtpu-header.cc.1.o build/src/lte/model/trace-fading-loss-model.cc.1.o build/src/lte/model/epc-enb-application.cc.1.o build/src/lte/model/epc-sgw-pgw-application.cc.1.o build/src/lte/model/epc-x2-sap.cc.1.o build/src/lte/model/epc-x2-header.cc.1.o build/src/lte/model/epc-x2.cc.1.o build/src/lte/model/epc-tft.cc.1.o build/src/lte/model/epc-tft-classifier.cc.1.o build/src/lte/model/lte-mi-error-model.cc.1.o build/src/lte/model/lte-vendor-specific-parameters.cc.1.o build/src/lte/model/epc-enb-s1-sap.cc.1.o build/src/lte/model/epc-s1ap-sap.cc.1.o build/src/lte/model/epc-s11-sap.cc.1.o build/src/lte/model/lte-as-sap.cc.1.o build/src/lte/model/epc-ue-nas.cc.1.o build/src/lte/model/lte-harq-phy.cc.1.o build/src/lte/model/epc-mme.cc.1.o build/src/lte/model/lte-asn1-header.cc.1.o build/src/lte/model/lte-rrc-header.cc.1.o build/src/lte/model/lte-handover-management-sap.cc.1.o build/src/lte/model/lte-handover-algorithm.cc.1.o build/src/lte/model/a2-a4-rsrq-handover-algorithm.cc.1.o build/src/lte/model/a3-rsrp-handover-algorithm.cc.1.o build/src/lte/model/no-op-handover-algorithm.cc.1.o build/src/lte/model/lte-anr-sap.cc.1.o build/src/lte/model/lte-anr.cc.1.o -> build/libns3.19-lte-debug.so
[1634/1695] cxxshlib: build/src/dsdv/model/dsdv-rtable.cc.1.o build/src/dsdv/model/dsdv-packet-queue.cc.1.o build/src/dsdv/model/dsdv-packet.cc.1.o build/src/dsdv/model/dsdv-routing-protocol.cc.1.o build/src/dsdv/helper/dsdv-helper.cc.1.o -> build/libns3.19-dsdv-debug.so
[1634/1695] cxxshlib: build/src/dsr/model/dsr-routing.cc.1.o build/src/dsr/model/dsr-options.cc.1.o build/src/dsr/model/dsr-fs-header.cc.1.o build/src/dsr/model/dsr-option-header.cc.1.o build/src/dsr/model/dsr-maintain-buff.cc.1.o build/src/dsr/model/dsr-passive-buff.cc.1.o build/src/dsr/model/dsr-rsendbuff.cc.1.o build/src/dsr/model/dsr-rcache.cc.1.o build/src/dsr/model/dsr-rreq-table.cc.1.o build/src/dsr/model/dsr-gratuitous-reply-table.cc.1.o build/src/dsr/model/dsr-errorbuff.cc.1.o build/src/dsr/model/dsr-network-queue.cc.1.o build/src/dsr/helper/dsr-helper.cc.1.o build/src/dsr/helper/dsr-main-helper.cc.1.o -> build/libns3.19-dsr-debug.so
[1634/1695] cxxshlib: build/src/aodv/model/aodv-id-cache.cc.1.o build/src/aodv/model/aodv-dpd.cc.1.o build/src/aodv/model/aodv-rtable.cc.1.o build/src/aodv/model/aodv-rqueue.cc.1.o build/src/aodv/model/aodv-packet.cc.1.o build/src/aodv/model/aodv-neighbor.cc.1.o build/src/aodv/model/aodv-routing-protocol.cc.1.o build/src/aodv/helper/aodv-helper.cc.1.o -> build/libns3.19-aodv-debug.so
[1635/1695] cxxshlib: build/src/netanim/model/animation-interface.cc.1.o build/src/netanim/helper/animation-interface-helper.cc.1.o -> build/libns3.19-netanim-debug.so
[1636/1695] cxxshlib: build/src/csma-layout/model/csma-star-helper.cc.1.o -> build/libns3.19-csma-layout-debug.so
[1637/1695] cxxshlib: build/src/point-to-point-layout/model/point-to-point-dumbbell.cc.1.o build/src/point-to-point-layout/model/point-to-point-grid.cc.1.o build/src/point-to-point-layout/model/point-to-point-star.cc.1.o -> build/libns3.19-point-to-point-layout-debug.so
[1638/1695] cxxshlib:  -> build/libns3.19-test-debug.so
[1640/1695] cxxshlib: build/src/applications/bindings/ns3module.cc.7.o -> build/bindings/python/ns/applications.so
[1642/1695] cxxprogram: build/utils/test-runner.cc.1.o -> build/utils/ns3.19-test-runner-debug
[1642/1695] cxxshlib: build/src/sixlowpan/bindings/ns3module.cc.7.o -> build/bindings/python/ns/sixlowpan.so
[1644/1695] cxxshlib: build/src/flow-monitor/bindings/ns3module.cc.7.o -> build/bindings/python/ns/flow_monitor.so
[1644/1695] cxxshlib: build/src/mesh/bindings/ns3module.cc.7.o -> build/bindings/python/ns/mesh.so
[1645/1695] cxxshlib: build/src/wave/bindings/ns3module.cc.7.o -> build/bindings/python/ns/wave.so
[1645/1695] cxxshlib: build/src/topology-read/bindings/ns3module.cc.7.o -> build/bindings/python/ns/topology_read.so
[1646/1695] cxxshlib: build/src/mobility/bindings/ns3module.cc.7.o -> build/bindings/python/ns/mobility.so
[1647/1695] cxxshlib: build/src/nix-vector-routing/bindings/ns3module.cc.5.o -> build/bindings/python/ns/nix_vector_routing.so
[1648/1695] cxxshlib: build/src/bridge/bindings/ns3module.cc.5.o -> build/bindings/python/ns/bridge.so
[1649/1695] cxxshlib: build/src/emu/bindings/ns3module.cc.6.o -> build/bindings/python/ns/emu.so
[1650/1695] cxxprogram: build/scratch/myfirst.cc.1.o -> build/scratch/myfirst
[1651/1695] cxxshlib: build/src/propagation/bindings/ns3module.cc.7.o -> build/bindings/python/ns/propagation.so
[1652/1695] cxxshlib: build/src/tap-bridge/bindings/ns3module.cc.6.o -> build/bindings/python/ns/tap_bridge.so
[1653/1695] cxxshlib: build/src/spectrum/bindings/ns3module.cc.7.o -> build/bindings/python/ns/spectrum.so
[1654/1695] cxxshlib: build/src/lte/bindings/ns3module.cc.7.o -> build/bindings/python/ns/lte.so
[1655/1695] cxxprogram: build/utils/print-introspected-doxygen.cc.4.o -> build/utils/ns3.19-print-introspected-doxygen-debug
[1656/1695] cxxshlib: build/src/fd-net-device/bindings/ns3module.cc.7.o -> build/bindings/python/ns/fd_net_device.so
[1657/1695] cxxshlib: build/src/point-to-point-layout/bindings/ns3module.cc.5.o -> build/bindings/python/ns/point_to_point_layout.so
[1658/1695] cxxshlib: build/src/internet/bindings/ns3module.cc.7.o -> build/bindings/python/ns/internet.so
[1659/1695] cxxshlib: build/src/dsdv/bindings/ns3module.cc.7.o -> build/bindings/python/ns/dsdv.so
[1660/1695] cxxprogram: build/scratch/subdir/scratch-simulator-subdir.cc.2.o -> build/scratch/subdir/subdir
[1661/1695] cxxshlib: build/src/antenna/bindings/ns3module.cc.7.o -> build/bindings/python/ns/antenna.so
[1662/1695] cxxshlib: build/src/network/bindings/ns3module.cc.7.o -> build/bindings/python/ns/network.so
[1663/1695] cxxshlib: build/src/wifi/bindings/ns3module.cc.7.o -> build/bindings/python/ns/wifi.so
[1664/1695] cxxprogram: build/scratch/fifth.cc.3.o -> build/scratch/fifth
[1665/1695] cxxshlib: build/src/olsr/bindings/ns3module.cc.7.o -> build/bindings/python/ns/olsr.so
[1666/1695] cxxshlib: build/src/aodv/bindings/ns3module.cc.7.o -> build/bindings/python/ns/aodv.so
[1667/1695] cxxshlib: build/src/visualizer/bindings/ns3module.cc.7.o -> build/bindings/python/ns/visualizer.so
[1668/1695] cxxshlib: build/src/uan/bindings/ns3module.cc.7.o -> build/bindings/python/ns/uan.so
[1669/1695] cxxshlib: build/src/energy/bindings/ns3module.cc.7.o -> build/bindings/python/ns/energy.so
[1670/1695] cxxshlib: build/src/csma-layout/bindings/ns3module.cc.5.o -> build/bindings/python/ns/csma_layout.so
[1671/1695] cxxshlib: build/src/stats/bindings/ns3module.cc.7.o -> build/bindings/python/ns/stats.so
[1672/1695] cxxshlib: build/src/virtual-net-device/bindings/ns3module.cc.5.o -> build/bindings/python/ns/virtual_net_device.so
[1673/1695] cxxshlib: build/src/config-store/bindings/ns3module.cc.5.o -> build/bindings/python/ns/config_store.so
[1674/1695] cxxshlib: build/src/core/bindings/ns3module.cc.8.o build/src/core/bindings/module_helpers.cc.8.o -> build/bindings/python/ns/_core.so
[1675/1695] cxxshlib: build/src/wimax/bindings/ns3module.cc.7.o -> build/bindings/python/ns/wimax.so
[1676/1695] cxxshlib: build/src/point-to-point/bindings/ns3module.cc.7.o -> build/bindings/python/ns/point_to_point.so
[1677/1695] cxxshlib: build/src/csma/bindings/ns3module.cc.5.o -> build/bindings/python/ns/csma.so
[1678/1695] cxxshlib: build/src/mpi/bindings/ns3module.cc.5.o -> build/bindings/python/ns/mpi.so
[1679/1695] cxxshlib: build/src/dsr/bindings/ns3module.cc.7.o -> build/bindings/python/ns/dsr.so
[1680/1695] cxxshlib: build/src/buildings/bindings/ns3module.cc.7.o -> build/bindings/python/ns/buildings.so
[1681/1695] cxxprogram: build/scratch/scratch-simulator.cc.4.o -> build/scratch/scratch-simulator
Waf: Leaving directory `/home/dhruvie/ns3/ns-allinone-3.19/ns-3.19/build'
'build' finished successfully (52.377s)

Modules built:
antenna                   aodv                      applications             
bridge                    buildings                 config-store             
core                      csma                      csma-layout              
dsdv                      dsr                       emu                      
energy                    fd-net-device             flow-monitor             
internet                  lte                       mesh                     
mobility                  mpi                       netanim (no Python)      
network                   nix-vector-routing        olsr                     
point-to-point            point-to-point-layout     propagation              
sixlowpan                 spectrum                  stats                    
tap-bridge                test (no Python)          topology-read            
uan                       virtual-net-device        visualizer               
wave                      wifi                      wimax                    

Modules not built (see ns-3 tutorial for explanation):
brite                     click                     openflow                 

